#
# There is insufficient memory for the Java Runtime Environment to continue.
# Native memory allocation (malloc) failed to allocate 259776 bytes for Chunk::new
# Possible reasons:
#   The system is out of physical RAM or swap space
#   The process is running with CompressedOops enabled, and the Java Heap may be blocking the growth of the native heap
# Possible solutions:
#   Reduce memory load on the system
#   Increase physical memory or swap space
#   Check if swap backing store is full
#   Decrease Java heap size (-Xmx/-Xms)
#   Decrease number of Java threads
#   Decrease Java thread stack sizes (-Xss)
#   Set larger code cache with -XX:ReservedCodeCacheSize=
#   JVM is running with Unscaled Compressed Oops mode in which the Java heap is
#     placed in the first 4GB address space. The Java Heap base address is the
#     maximum limit for the native heap growth. Please use -XX:HeapBaseMinAddress
#     to set the Java Heap base and to place the Java Heap above 4GB virtual address.
# This output file may be truncated or incomplete.
#
#  Out of Memory Error (src/hotspot/share/memory/arena.cpp:197), pid=7324, tid=8100
#
# JRE version: OpenJDK Runtime Environment JBR-11.0.14.1.1-2043.45-jcef (11.0.14.1+1) (build 11.0.14.1+1-b2043.45)
# Java VM: OpenJDK 64-Bit Server VM JBR-11.0.14.1.1-2043.45-jcef (11.0.14.1+1-b2043.45, mixed mode, tiered, compressed oops, g1 gc, windows-amd64)
# No core dump will be written. Minidumps are not enabled by default on client versions of Windows
#

---------------  S U M M A R Y ------------

Command Line: git4idea.http.GitAskPassApp Username for 'https://github.com': 

Host: Intel(R) Xeon(R) CPU E3-1230 V2 @ 3.30GHz, 8 cores, 7G,  Windows 11 , 64 bit Build 22000 (10.0.22000.708)
Time: Fri Jul  8 16:21:21 2022 RTZ 2 (зима) elapsed time: 0.218948 seconds (0d 0h 0m 0s)

---------------  T H R E A D  ---------------

Current thread (0x000001bbbf64a000):  JavaThread "C2 CompilerThread1" daemon [_thread_in_native, id=8100, stack(0x0000002c24800000,0x0000002c24900000)]


Current CompileTask:
C2:    219  137 %     4       java.util.zip.ZipFile$Source::initCEN @ 228 (697 bytes)

Stack: [0x0000002c24800000,0x0000002c24900000]
Native frames: (J=compiled Java code, j=interpreted, Vv=VM code, C=native code)
V  [jvm.dll+0x61618a]
V  [jvm.dll+0x79c450]
V  [jvm.dll+0x79da6d]
V  [jvm.dll+0x79e143]
V  [jvm.dll+0x24c968]
V  [jvm.dll+0xc13dc]
V  [jvm.dll+0xc190c]
V  [jvm.dll+0x2c1f24]
V  [jvm.dll+0x528d6b]
V  [jvm.dll+0x20cd23]
V  [jvm.dll+0x2067c0]
V  [jvm.dll+0x203ee2]
V  [jvm.dll+0x18b5e1]
V  [jvm.dll+0x212c6f]
V  [jvm.dll+0x211511]
V  [jvm.dll+0x762b9f]
V  [jvm.dll+0x75b755]
V  [jvm.dll+0x614df6]
C  [ucrtbase.dll+0x26c0c]
C  [KERNEL32.DLL+0x154e0]
C  [ntdll.dll+0x485b]


---------------  P R O C E S S  ---------------

Threads class SMR info:
_java_thread_list=0x000001bbbf63b170, length=11, elements={
0x000001bba45a1800, 0x000001bbbeb2b800, 0x000001bbbeb39000, 0x000001bbbeb4a800,
0x000001bbbeb4b800, 0x000001bbbeb4f800, 0x000001bbbeb50800, 0x000001bbbf4bf800,
0x000001bbbf4c2800, 0x000001bbbf62d000, 0x000001bbbf64a000
}

Java Threads: ( => current thread )
  0x000001bba45a1800 JavaThread "main" [_thread_in_vm, id=796, stack(0x0000002c23700000,0x0000002c23800000)]
  0x000001bbbeb2b800 JavaThread "Reference Handler" daemon [_thread_blocked, id=13060, stack(0x0000002c23e00000,0x0000002c23f00000)]
  0x000001bbbeb39000 JavaThread "Finalizer" daemon [_thread_blocked, id=9964, stack(0x0000002c23f00000,0x0000002c24000000)]
  0x000001bbbeb4a800 JavaThread "Signal Dispatcher" daemon [_thread_blocked, id=11024, stack(0x0000002c24000000,0x0000002c24100000)]
  0x000001bbbeb4b800 JavaThread "Attach Listener" daemon [_thread_blocked, id=4740, stack(0x0000002c24100000,0x0000002c24200000)]
  0x000001bbbeb4f800 JavaThread "Service Thread" daemon [_thread_blocked, id=3120, stack(0x0000002c24200000,0x0000002c24300000)]
  0x000001bbbeb50800 JavaThread "C2 CompilerThread0" daemon [_thread_blocked, id=10772, stack(0x0000002c24300000,0x0000002c24400000)]
  0x000001bbbf4bf800 JavaThread "C1 CompilerThread0" daemon [_thread_blocked, id=1432, stack(0x0000002c24400000,0x0000002c24500000)]
  0x000001bbbf4c2800 JavaThread "Sweeper thread" daemon [_thread_blocked, id=7432, stack(0x0000002c24500000,0x0000002c24600000)]
  0x000001bbbf62d000 JavaThread "Common-Cleaner" daemon [_thread_blocked, id=5932, stack(0x0000002c24700000,0x0000002c24800000)]
=>0x000001bbbf64a000 JavaThread "C2 CompilerThread1" daemon [_thread_in_native, id=8100, stack(0x0000002c24800000,0x0000002c24900000)]

Other Threads:
  0x000001bbbeb07800 VMThread "VM Thread" [stack: 0x0000002c23d00000,0x0000002c23e00000] [id=4200]
  0x000001bbbf628000 WatcherThread [stack: 0x0000002c24600000,0x0000002c24700000] [id=9884]
  0x000001bba45ba000 GCTaskThread "GC Thread#0" [stack: 0x0000002c23800000,0x0000002c23900000] [id=9544]
  0x000001bba45eb800 ConcurrentGCThread "G1 Main Marker" [stack: 0x0000002c23900000,0x0000002c23a00000] [id=996]
  0x000001bba45ef000 ConcurrentGCThread "G1 Conc#0" [stack: 0x0000002c23a00000,0x0000002c23b00000] [id=12520]
  0x000001bbbe972800 ConcurrentGCThread "G1 Refine#0" [stack: 0x0000002c23b00000,0x0000002c23c00000] [id=1056]
  0x000001bbbe973000 ConcurrentGCThread "G1 Young RemSet Sampling" [stack: 0x0000002c23c00000,0x0000002c23d00000] [id=9868]

Threads with active compile tasks:
C2 CompilerThread1    236  137 %     4       java.util.zip.ZipFile$Source::initCEN @ 228 (697 bytes)

VM state:not at safepoint (normal execution)

VM Mutex/Monitor currently owned by a thread: None

Heap address: 0x0000000080c00000, size: 2036 MB, Compressed Oops mode: 32-bit
Narrow klass base: 0x0000000000000000, Narrow klass shift: 3
Compressed class space size: 1073741824 Address: 0x0000000100000000

Heap:
 garbage-first heap   total 131072K, used 15360K [0x0000000080c00000, 0x0000000100000000)
  region size 1024K, 3 young (3072K), 0 survivors (0K)
 Metaspace       used 5231K, capacity 5288K, committed 5376K, reserved 1060864K
  class space    used 433K, capacity 460K, committed 512K, reserved 1048576K
Heap Regions: E=young(eden), S=young(survivor), O=old, HS=humongous(starts), HC=humongous(continues), CS=collection set, F=free, A=archive, TAMS=top-at-mark-start (previous, next)
|   0|0x0000000080c00000, 0x0000000080d00000, 0x0000000080d00000|100%|HS|  |TAMS 0x0000000080c00000, 0x0000000080c00000| Complete 
|   1|0x0000000080d00000, 0x0000000080e00000, 0x0000000080e00000|100%|HC|  |TAMS 0x0000000080d00000, 0x0000000080d00000| Complete 
|   2|0x0000000080e00000, 0x0000000080f00000, 0x0000000080f00000|100%|HC|  |TAMS 0x0000000080e00000, 0x0000000080e00000| Complete 
|   3|0x0000000080f00000, 0x0000000081000000, 0x0000000081000000|100%|HC|  |TAMS 0x0000000080f00000, 0x0000000080f00000| Complete 
|   4|0x0000000081000000, 0x0000000081100000, 0x0000000081100000|100%|HC|  |TAMS 0x0000000081000000, 0x0000000081000000| Complete 
|   5|0x0000000081100000, 0x0000000081200000, 0x0000000081200000|100%|HC|  |TAMS 0x0000000081100000, 0x0000000081100000| Complete 
|   6|0x0000000081200000, 0x0000000081300000, 0x0000000081300000|100%|HC|  |TAMS 0x0000000081200000, 0x0000000081200000| Complete 
|   7|0x0000000081300000, 0x0000000081400000, 0x0000000081400000|100%|HC|  |TAMS 0x0000000081300000, 0x0000000081300000| Complete 
|   8|0x0000000081400000, 0x0000000081500000, 0x0000000081500000|100%|HC|  |TAMS 0x0000000081400000, 0x0000000081400000| Complete 
|   9|0x0000000081500000, 0x0000000081600000, 0x0000000081600000|100%|HC|  |TAMS 0x0000000081500000, 0x0000000081500000| Complete 
|  10|0x0000000081600000, 0x0000000081700000, 0x0000000081700000|100%|HC|  |TAMS 0x0000000081600000, 0x0000000081600000| Complete 
|  11|0x0000000081700000, 0x0000000081800000, 0x0000000081800000|100%|HS|  |TAMS 0x0000000081700000, 0x0000000081700000| Complete 
|  12|0x0000000081800000, 0x0000000081900000, 0x0000000081900000|100%|HC|  |TAMS 0x0000000081800000, 0x0000000081800000| Complete 
|  13|0x0000000081900000, 0x0000000081900000, 0x0000000081a00000|  0%| F|  |TAMS 0x0000000081900000, 0x0000000081900000| Untracked 
|  14|0x0000000081a00000, 0x0000000081a00000, 0x0000000081b00000|  0%| F|  |TAMS 0x0000000081a00000, 0x0000000081a00000| Untracked 
|  15|0x0000000081b00000, 0x0000000081b00000, 0x0000000081c00000|  0%| F|  |TAMS 0x0000000081b00000, 0x0000000081b00000| Untracked 
|  16|0x0000000081c00000, 0x0000000081c00000, 0x0000000081d00000|  0%| F|  |TAMS 0x0000000081c00000, 0x0000000081c00000| Untracked 
|  17|0x0000000081d00000, 0x0000000081d00000, 0x0000000081e00000|  0%| F|  |TAMS 0x0000000081d00000, 0x0000000081d00000| Untracked 
|  18|0x0000000081e00000, 0x0000000081e00000, 0x0000000081f00000|  0%| F|  |TAMS 0x0000000081e00000, 0x0000000081e00000| Untracked 
|  19|0x0000000081f00000, 0x0000000081f00000, 0x0000000082000000|  0%| F|  |TAMS 0x0000000081f00000, 0x0000000081f00000| Untracked 
|  20|0x0000000082000000, 0x0000000082000000, 0x0000000082100000|  0%| F|  |TAMS 0x0000000082000000, 0x0000000082000000| Untracked 
|  21|0x0000000082100000, 0x0000000082100000, 0x0000000082200000|  0%| F|  |TAMS 0x0000000082100000, 0x0000000082100000| Untracked 
|  22|0x0000000082200000, 0x0000000082200000, 0x0000000082300000|  0%| F|  |TAMS 0x0000000082200000, 0x0000000082200000| Untracked 
|  23|0x0000000082300000, 0x0000000082300000, 0x0000000082400000|  0%| F|  |TAMS 0x0000000082300000, 0x0000000082300000| Untracked 
|  24|0x0000000082400000, 0x0000000082400000, 0x0000000082500000|  0%| F|  |TAMS 0x0000000082400000, 0x0000000082400000| Untracked 
|  25|0x0000000082500000, 0x0000000082500000, 0x0000000082600000|  0%| F|  |TAMS 0x0000000082500000, 0x0000000082500000| Untracked 
|  26|0x0000000082600000, 0x0000000082600000, 0x0000000082700000|  0%| F|  |TAMS 0x0000000082600000, 0x0000000082600000| Untracked 
|  27|0x0000000082700000, 0x0000000082700000, 0x0000000082800000|  0%| F|  |TAMS 0x0000000082700000, 0x0000000082700000| Untracked 
|  28|0x0000000082800000, 0x0000000082800000, 0x0000000082900000|  0%| F|  |TAMS 0x0000000082800000, 0x0000000082800000| Untracked 
|  29|0x0000000082900000, 0x0000000082900000, 0x0000000082a00000|  0%| F|  |TAMS 0x0000000082900000, 0x0000000082900000| Untracked 
|  30|0x0000000082a00000, 0x0000000082a00000, 0x0000000082b00000|  0%| F|  |TAMS 0x0000000082a00000, 0x0000000082a00000| Untracked 
|  31|0x0000000082b00000, 0x0000000082b00000, 0x0000000082c00000|  0%| F|  |TAMS 0x0000000082b00000, 0x0000000082b00000| Untracked 
|  32|0x0000000082c00000, 0x0000000082c00000, 0x0000000082d00000|  0%| F|  |TAMS 0x0000000082c00000, 0x0000000082c00000| Untracked 
|  33|0x0000000082d00000, 0x0000000082d00000, 0x0000000082e00000|  0%| F|  |TAMS 0x0000000082d00000, 0x0000000082d00000| Untracked 
|  34|0x0000000082e00000, 0x0000000082e00000, 0x0000000082f00000|  0%| F|  |TAMS 0x0000000082e00000, 0x0000000082e00000| Untracked 
|  35|0x0000000082f00000, 0x0000000082f00000, 0x0000000083000000|  0%| F|  |TAMS 0x0000000082f00000, 0x0000000082f00000| Untracked 
|  36|0x0000000083000000, 0x0000000083000000, 0x0000000083100000|  0%| F|  |TAMS 0x0000000083000000, 0x0000000083000000| Untracked 
|  37|0x0000000083100000, 0x0000000083100000, 0x0000000083200000|  0%| F|  |TAMS 0x0000000083100000, 0x0000000083100000| Untracked 
|  38|0x0000000083200000, 0x0000000083200000, 0x0000000083300000|  0%| F|  |TAMS 0x0000000083200000, 0x0000000083200000| Untracked 
|  39|0x0000000083300000, 0x0000000083300000, 0x0000000083400000|  0%| F|  |TAMS 0x0000000083300000, 0x0000000083300000| Untracked 
|  40|0x0000000083400000, 0x0000000083400000, 0x0000000083500000|  0%| F|  |TAMS 0x0000000083400000, 0x0000000083400000| Untracked 
|  41|0x0000000083500000, 0x0000000083500000, 0x0000000083600000|  0%| F|  |TAMS 0x0000000083500000, 0x0000000083500000| Untracked 
|  42|0x0000000083600000, 0x0000000083600000, 0x0000000083700000|  0%| F|  |TAMS 0x0000000083600000, 0x0000000083600000| Untracked 
|  43|0x0000000083700000, 0x0000000083700000, 0x0000000083800000|  0%| F|  |TAMS 0x0000000083700000, 0x0000000083700000| Untracked 
|  44|0x0000000083800000, 0x0000000083800000, 0x0000000083900000|  0%| F|  |TAMS 0x0000000083800000, 0x0000000083800000| Untracked 
|  45|0x0000000083900000, 0x0000000083900000, 0x0000000083a00000|  0%| F|  |TAMS 0x0000000083900000, 0x0000000083900000| Untracked 
|  46|0x0000000083a00000, 0x0000000083a00000, 0x0000000083b00000|  0%| F|  |TAMS 0x0000000083a00000, 0x0000000083a00000| Untracked 
|  47|0x0000000083b00000, 0x0000000083b00000, 0x0000000083c00000|  0%| F|  |TAMS 0x0000000083b00000, 0x0000000083b00000| Untracked 
|  48|0x0000000083c00000, 0x0000000083c00000, 0x0000000083d00000|  0%| F|  |TAMS 0x0000000083c00000, 0x0000000083c00000| Untracked 
|  49|0x0000000083d00000, 0x0000000083d00000, 0x0000000083e00000|  0%| F|  |TAMS 0x0000000083d00000, 0x0000000083d00000| Untracked 
|  50|0x0000000083e00000, 0x0000000083e00000, 0x0000000083f00000|  0%| F|  |TAMS 0x0000000083e00000, 0x0000000083e00000| Untracked 
|  51|0x0000000083f00000, 0x0000000083f00000, 0x0000000084000000|  0%| F|  |TAMS 0x0000000083f00000, 0x0000000083f00000| Untracked 
|  52|0x0000000084000000, 0x0000000084000000, 0x0000000084100000|  0%| F|  |TAMS 0x0000000084000000, 0x0000000084000000| Untracked 
|  53|0x0000000084100000, 0x0000000084100000, 0x0000000084200000|  0%| F|  |TAMS 0x0000000084100000, 0x0000000084100000| Untracked 
|  54|0x0000000084200000, 0x0000000084200000, 0x0000000084300000|  0%| F|  |TAMS 0x0000000084200000, 0x0000000084200000| Untracked 
|  55|0x0000000084300000, 0x0000000084300000, 0x0000000084400000|  0%| F|  |TAMS 0x0000000084300000, 0x0000000084300000| Untracked 
|  56|0x0000000084400000, 0x0000000084400000, 0x0000000084500000|  0%| F|  |TAMS 0x0000000084400000, 0x0000000084400000| Untracked 
|  57|0x0000000084500000, 0x0000000084500000, 0x0000000084600000|  0%| F|  |TAMS 0x0000000084500000, 0x0000000084500000| Untracked 
|  58|0x0000000084600000, 0x0000000084600000, 0x0000000084700000|  0%| F|  |TAMS 0x0000000084600000, 0x0000000084600000| Untracked 
|  59|0x0000000084700000, 0x0000000084700000, 0x0000000084800000|  0%| F|  |TAMS 0x0000000084700000, 0x0000000084700000| Untracked 
|  60|0x0000000084800000, 0x0000000084800000, 0x0000000084900000|  0%| F|  |TAMS 0x0000000084800000, 0x0000000084800000| Untracked 
|  61|0x0000000084900000, 0x0000000084900000, 0x0000000084a00000|  0%| F|  |TAMS 0x0000000084900000, 0x0000000084900000| Untracked 
|  62|0x0000000084a00000, 0x0000000084a00000, 0x0000000084b00000|  0%| F|  |TAMS 0x0000000084a00000, 0x0000000084a00000| Untracked 
|  63|0x0000000084b00000, 0x0000000084b00000, 0x0000000084c00000|  0%| F|  |TAMS 0x0000000084b00000, 0x0000000084b00000| Untracked 
|  64|0x0000000084c00000, 0x0000000084c00000, 0x0000000084d00000|  0%| F|  |TAMS 0x0000000084c00000, 0x0000000084c00000| Untracked 
|  65|0x0000000084d00000, 0x0000000084d00000, 0x0000000084e00000|  0%| F|  |TAMS 0x0000000084d00000, 0x0000000084d00000| Untracked 
|  66|0x0000000084e00000, 0x0000000084e00000, 0x0000000084f00000|  0%| F|  |TAMS 0x0000000084e00000, 0x0000000084e00000| Untracked 
|  67|0x0000000084f00000, 0x0000000084f00000, 0x0000000085000000|  0%| F|  |TAMS 0x0000000084f00000, 0x0000000084f00000| Untracked 
|  68|0x0000000085000000, 0x0000000085000000, 0x0000000085100000|  0%| F|  |TAMS 0x0000000085000000, 0x0000000085000000| Untracked 
|  69|0x0000000085100000, 0x0000000085100000, 0x0000000085200000|  0%| F|  |TAMS 0x0000000085100000, 0x0000000085100000| Untracked 
|  70|0x0000000085200000, 0x0000000085200000, 0x0000000085300000|  0%| F|  |TAMS 0x0000000085200000, 0x0000000085200000| Untracked 
|  71|0x0000000085300000, 0x0000000085300000, 0x0000000085400000|  0%| F|  |TAMS 0x0000000085300000, 0x0000000085300000| Untracked 
|  72|0x0000000085400000, 0x0000000085400000, 0x0000000085500000|  0%| F|  |TAMS 0x0000000085400000, 0x0000000085400000| Untracked 
|  73|0x0000000085500000, 0x0000000085500000, 0x0000000085600000|  0%| F|  |TAMS 0x0000000085500000, 0x0000000085500000| Untracked 
|  74|0x0000000085600000, 0x0000000085600000, 0x0000000085700000|  0%| F|  |TAMS 0x0000000085600000, 0x0000000085600000| Untracked 
|  75|0x0000000085700000, 0x0000000085700000, 0x0000000085800000|  0%| F|  |TAMS 0x0000000085700000, 0x0000000085700000| Untracked 
|  76|0x0000000085800000, 0x0000000085800000, 0x0000000085900000|  0%| F|  |TAMS 0x0000000085800000, 0x0000000085800000| Untracked 
|  77|0x0000000085900000, 0x0000000085900000, 0x0000000085a00000|  0%| F|  |TAMS 0x0000000085900000, 0x0000000085900000| Untracked 
|  78|0x0000000085a00000, 0x0000000085a00000, 0x0000000085b00000|  0%| F|  |TAMS 0x0000000085a00000, 0x0000000085a00000| Untracked 
|  79|0x0000000085b00000, 0x0000000085b00000, 0x0000000085c00000|  0%| F|  |TAMS 0x0000000085b00000, 0x0000000085b00000| Untracked 
|  80|0x0000000085c00000, 0x0000000085c00000, 0x0000000085d00000|  0%| F|  |TAMS 0x0000000085c00000, 0x0000000085c00000| Untracked 
|  81|0x0000000085d00000, 0x0000000085d00000, 0x0000000085e00000|  0%| F|  |TAMS 0x0000000085d00000, 0x0000000085d00000| Untracked 
|  82|0x0000000085e00000, 0x0000000085e00000, 0x0000000085f00000|  0%| F|  |TAMS 0x0000000085e00000, 0x0000000085e00000| Untracked 
|  83|0x0000000085f00000, 0x0000000085f00000, 0x0000000086000000|  0%| F|  |TAMS 0x0000000085f00000, 0x0000000085f00000| Untracked 
|  84|0x0000000086000000, 0x0000000086000000, 0x0000000086100000|  0%| F|  |TAMS 0x0000000086000000, 0x0000000086000000| Untracked 
|  85|0x0000000086100000, 0x0000000086100000, 0x0000000086200000|  0%| F|  |TAMS 0x0000000086100000, 0x0000000086100000| Untracked 
|  86|0x0000000086200000, 0x0000000086200000, 0x0000000086300000|  0%| F|  |TAMS 0x0000000086200000, 0x0000000086200000| Untracked 
|  87|0x0000000086300000, 0x0000000086300000, 0x0000000086400000|  0%| F|  |TAMS 0x0000000086300000, 0x0000000086300000| Untracked 
|  88|0x0000000086400000, 0x0000000086400000, 0x0000000086500000|  0%| F|  |TAMS 0x0000000086400000, 0x0000000086400000| Untracked 
|  89|0x0000000086500000, 0x0000000086500000, 0x0000000086600000|  0%| F|  |TAMS 0x0000000086500000, 0x0000000086500000| Untracked 
|  90|0x0000000086600000, 0x0000000086600000, 0x0000000086700000|  0%| F|  |TAMS 0x0000000086600000, 0x0000000086600000| Untracked 
|  91|0x0000000086700000, 0x0000000086700000, 0x0000000086800000|  0%| F|  |TAMS 0x0000000086700000, 0x0000000086700000| Untracked 
|  92|0x0000000086800000, 0x0000000086800000, 0x0000000086900000|  0%| F|  |TAMS 0x0000000086800000, 0x0000000086800000| Untracked 
|  93|0x0000000086900000, 0x0000000086900000, 0x0000000086a00000|  0%| F|  |TAMS 0x0000000086900000, 0x0000000086900000| Untracked 
|  94|0x0000000086a00000, 0x0000000086a00000, 0x0000000086b00000|  0%| F|  |TAMS 0x0000000086a00000, 0x0000000086a00000| Untracked 
|  95|0x0000000086b00000, 0x0000000086b00000, 0x0000000086c00000|  0%| F|  |TAMS 0x0000000086b00000, 0x0000000086b00000| Untracked 
|  96|0x0000000086c00000, 0x0000000086c00000, 0x0000000086d00000|  0%| F|  |TAMS 0x0000000086c00000, 0x0000000086c00000| Untracked 
|  97|0x0000000086d00000, 0x0000000086d00000, 0x0000000086e00000|  0%| F|  |TAMS 0x0000000086d00000, 0x0000000086d00000| Untracked 
|  98|0x0000000086e00000, 0x0000000086e00000, 0x0000000086f00000|  0%| F|  |TAMS 0x0000000086e00000, 0x0000000086e00000| Untracked 
|  99|0x0000000086f00000, 0x0000000086f00000, 0x0000000087000000|  0%| F|  |TAMS 0x0000000086f00000, 0x0000000086f00000| Untracked 
| 100|0x0000000087000000, 0x0000000087000000, 0x0000000087100000|  0%| F|  |TAMS 0x0000000087000000, 0x0000000087000000| Untracked 
| 101|0x0000000087100000, 0x0000000087100000, 0x0000000087200000|  0%| F|  |TAMS 0x0000000087100000, 0x0000000087100000| Untracked 
| 102|0x0000000087200000, 0x0000000087200000, 0x0000000087300000|  0%| F|  |TAMS 0x0000000087200000, 0x0000000087200000| Untracked 
| 103|0x0000000087300000, 0x0000000087300000, 0x0000000087400000|  0%| F|  |TAMS 0x0000000087300000, 0x0000000087300000| Untracked 
| 104|0x0000000087400000, 0x0000000087400000, 0x0000000087500000|  0%| F|  |TAMS 0x0000000087400000, 0x0000000087400000| Untracked 
| 105|0x0000000087500000, 0x0000000087500000, 0x0000000087600000|  0%| F|  |TAMS 0x0000000087500000, 0x0000000087500000| Untracked 
| 106|0x0000000087600000, 0x0000000087600000, 0x0000000087700000|  0%| F|  |TAMS 0x0000000087600000, 0x0000000087600000| Untracked 
| 107|0x0000000087700000, 0x0000000087700000, 0x0000000087800000|  0%| F|  |TAMS 0x0000000087700000, 0x0000000087700000| Untracked 
| 108|0x0000000087800000, 0x0000000087800000, 0x0000000087900000|  0%| F|  |TAMS 0x0000000087800000, 0x0000000087800000| Untracked 
| 109|0x0000000087900000, 0x0000000087900000, 0x0000000087a00000|  0%| F|  |TAMS 0x0000000087900000, 0x0000000087900000| Untracked 
| 110|0x0000000087a00000, 0x0000000087a00000, 0x0000000087b00000|  0%| F|  |TAMS 0x0000000087a00000, 0x0000000087a00000| Untracked 
| 111|0x0000000087b00000, 0x0000000087b00000, 0x0000000087c00000|  0%| F|  |TAMS 0x0000000087b00000, 0x0000000087b00000| Untracked 
| 112|0x0000000087c00000, 0x0000000087c00000, 0x0000000087d00000|  0%| F|  |TAMS 0x0000000087c00000, 0x0000000087c00000| Untracked 
| 113|0x0000000087d00000, 0x0000000087d00000, 0x0000000087e00000|  0%| F|  |TAMS 0x0000000087d00000, 0x0000000087d00000| Untracked 
| 114|0x0000000087e00000, 0x0000000087e00000, 0x0000000087f00000|  0%| F|  |TAMS 0x0000000087e00000, 0x0000000087e00000| Untracked 
| 115|0x0000000087f00000, 0x0000000087f00000, 0x0000000088000000|  0%| F|  |TAMS 0x0000000087f00000, 0x0000000087f00000| Untracked 
| 116|0x0000000088000000, 0x0000000088000000, 0x0000000088100000|  0%| F|  |TAMS 0x0000000088000000, 0x0000000088000000| Untracked 
| 117|0x0000000088100000, 0x0000000088100000, 0x0000000088200000|  0%| F|  |TAMS 0x0000000088100000, 0x0000000088100000| Untracked 
| 118|0x0000000088200000, 0x0000000088200000, 0x0000000088300000|  0%| F|  |TAMS 0x0000000088200000, 0x0000000088200000| Untracked 
| 119|0x0000000088300000, 0x0000000088300000, 0x0000000088400000|  0%| F|  |TAMS 0x0000000088300000, 0x0000000088300000| Untracked 
| 120|0x0000000088400000, 0x0000000088400000, 0x0000000088500000|  0%| F|  |TAMS 0x0000000088400000, 0x0000000088400000| Untracked 
| 121|0x0000000088500000, 0x0000000088500000, 0x0000000088600000|  0%| F|  |TAMS 0x0000000088500000, 0x0000000088500000| Untracked 
| 122|0x0000000088600000, 0x0000000088600000, 0x0000000088700000|  0%| F|  |TAMS 0x0000000088600000, 0x0000000088600000| Untracked 
| 123|0x0000000088700000, 0x0000000088700000, 0x0000000088800000|  0%| F|  |TAMS 0x0000000088700000, 0x0000000088700000| Untracked 
| 124|0x0000000088800000, 0x000000008880d548, 0x0000000088900000|  5%| S|  |TAMS 0x0000000088800000, 0x0000000088800000| Complete 
| 125|0x0000000088900000, 0x000000008897b668, 0x0000000088a00000| 48%| E|CS|TAMS 0x0000000088900000, 0x000000008897b668| Complete 
| 126|0x0000000088a00000, 0x0000000088b00000, 0x0000000088b00000|100%| E|CS|TAMS 0x0000000088a00000, 0x0000000088b00000| Complete 
| 127|0x0000000088b00000, 0x0000000088c00000, 0x0000000088c00000|100%| E|CS|TAMS 0x0000000088b00000, 0x0000000088c00000| Complete 

Card table byte_map: [0x000001bbb7930000,0x000001bbb7d30000] _byte_map_base: 0x000001bbb752a000

Marking Bits (Prev, Next): (CMBitMap*) 0x000001bba45e2da8, (CMBitMap*) 0x000001bba45e2de0
 Prev Bits: [0x000001bbb8130000, 0x000001bbba100000)
 Next Bits: [0x000001bbba100000, 0x000001bbbc0d0000)

Polling page: 0x000001bba3d80000

Metaspace:

Usage:
  Non-class:      4.71 MB capacity,     4.71 MB (>99%) used,     1.83 KB ( <1%) free+waste,     1.19 KB ( <1%) overhead. 
      Class:    460.00 KB capacity,   437.84 KB ( 95%) used,    21.59 KB (  5%) free+waste,   576 bytes ( <1%) overhead. 
       Both:      5.16 MB capacity,     5.14 MB (>99%) used,    23.42 KB ( <1%) free+waste,     1.75 KB ( <1%) overhead. 

Virtual space:
  Non-class space:       18.00 MB reserved,       4.75 MB ( 26%) committed 
      Class space:        1.00 GB reserved,     512.00 KB ( <1%) committed 
             Both:        1.02 GB reserved,       5.25 MB ( <1%) committed 

Chunk freelists:
   Non-Class:  36.00 KB
       Class:  20.00 KB
        Both:  56.00 KB

MaxMetaspaceSize: 17179869184.00 GB
CompressedClassSpaceSize: 1.00 GB
Initial GC threshold: 20.80 MB
Current GC threshold: 20.80 MB
CDS: off

CodeHeap 'non-profiled nmethods': size=120000Kb used=55Kb max_used=55Kb free=119944Kb
 bounds [0x000001bbafcd0000, 0x000001bbaff40000, 0x000001bbb7200000]
CodeHeap 'profiled nmethods': size=120000Kb used=273Kb max_used=273Kb free=119726Kb
 bounds [0x000001bba87a0000, 0x000001bba8a10000, 0x000001bbafcd0000]
CodeHeap 'non-nmethods': size=5760Kb used=1079Kb max_used=1088Kb free=4680Kb
 bounds [0x000001bba8200000, 0x000001bba8470000, 0x000001bba87a0000]
 total_blobs=506 nmethods=187 adapters=232
 compilation: enabled
              stopped_count=0, restarted_count=0
 full_count=0

Compilation events (20 events):
Event: 0.212 Thread 0x000001bbbeb50800  150       4       java.lang.CharacterDataLatin1::getProperties (11 bytes)
Event: 0.212 Thread 0x000001bbbf4bf800 nmethod 141 0x000001bba87dd310 code [0x000001bba87dd4c0, 0x000001bba87dd5b8]
Event: 0.212 Thread 0x000001bbbf4bf800  142       3       java.lang.String::checkBoundsOffCount (61 bytes)
Event: 0.213 Thread 0x000001bbbeb50800 nmethod 150 0x000001bbafcd9190 code [0x000001bbafcd9320, 0x000001bbafcd93b8]
Event: 0.213 Thread 0x000001bbbeb50800  157       4       java.lang.CharacterDataLatin1::toUpperCaseEx (71 bytes)
Event: 0.213 Thread 0x000001bbbf4bf800 nmethod 142 0x000001bba87dd690 code [0x000001bba87dd960, 0x000001bba87de498]
Event: 0.213 Thread 0x000001bbbf4bf800  153       1       sun.util.locale.BaseLocale::getLanguage (5 bytes)
Event: 0.214 Thread 0x000001bbbf4bf800 nmethod 153 0x000001bbafcd9490 code [0x000001bbafcd9640, 0x000001bbafcd96f8]
Event: 0.214 Thread 0x000001bbbf4bf800  160       3       java.lang.String::toUpperCase (29 bytes)
Event: 0.214 Thread 0x000001bbbeb50800 nmethod 157 0x000001bbafcd9790 code [0x000001bbafcd9920, 0x000001bbafcd99f8]
Event: 0.214 Thread 0x000001bbbeb50800  161 %     4       java.lang.StringLatin1::toUpperCase @ 114 (180 bytes)
Event: 0.214 Thread 0x000001bbbf4bf800 nmethod 160 0x000001bba87de910 code [0x000001bba87deae0, 0x000001bba87ded78]
Event: 0.214 Thread 0x000001bbbf4bf800  162       3       java.lang.StringCoding::decodeUTF8 (45 bytes)
Event: 0.214 Thread 0x000001bbbf4bf800 nmethod 162 0x000001bba87dee90 code [0x000001bba87df0a0, 0x000001bba87df518]
Event: 0.214 Thread 0x000001bbbf4bf800  159       3       java.util.Locale::getLanguage (8 bytes)
Event: 0.214 Thread 0x000001bbbf4bf800 nmethod 159 0x000001bba87df690 code [0x000001bba87df840, 0x000001bba87df958]
Event: 0.215 Thread 0x000001bbbf4bf800  165       3       java.lang.String::startsWith (138 bytes)
Event: 0.216 Thread 0x000001bbbf4bf800 nmethod 165 0x000001bba87dfa10 code [0x000001bba87dfc40, 0x000001bba87e05f8]
Event: 0.216 Thread 0x000001bbbf4bf800  166       3       java.lang.String::endsWith (15 bytes)
Event: 0.216 Thread 0x000001bbbf4bf800 nmethod 166 0x000001bba87e0910 code [0x000001bba87e0b00, 0x000001bba87e0e28]

GC Heap History (0 events):
No events

Deoptimization events (20 events):
Event: 0.215 Thread 0x000001bba45a1800 DEOPT PACKING pc=0x000001bba87d4150 sp=0x0000002c237fc8b0
Event: 0.215 Thread 0x000001bba45a1800 DEOPT UNPACKING pc=0x000001bba824a95e sp=0x0000002c237fbd38 mode 0
Event: 0.215 Thread 0x000001bba45a1800 DEOPT PACKING pc=0x000001bba87d4150 sp=0x0000002c237fc8b0
Event: 0.215 Thread 0x000001bba45a1800 DEOPT UNPACKING pc=0x000001bba824a95e sp=0x0000002c237fbd38 mode 0
Event: 0.215 Thread 0x000001bba45a1800 DEOPT PACKING pc=0x000001bba87d4150 sp=0x0000002c237fc8b0
Event: 0.215 Thread 0x000001bba45a1800 DEOPT UNPACKING pc=0x000001bba824a95e sp=0x0000002c237fbd38 mode 0
Event: 0.215 Thread 0x000001bba45a1800 DEOPT PACKING pc=0x000001bba87d4150 sp=0x0000002c237fc8b0
Event: 0.215 Thread 0x000001bba45a1800 DEOPT UNPACKING pc=0x000001bba824a95e sp=0x0000002c237fbd38 mode 0
Event: 0.217 Thread 0x000001bba45a1800 DEOPT PACKING pc=0x000001bba87d4150 sp=0x0000002c237fc8c0
Event: 0.217 Thread 0x000001bba45a1800 DEOPT UNPACKING pc=0x000001bba824a95e sp=0x0000002c237fbd48 mode 0
Event: 0.217 Thread 0x000001bba45a1800 DEOPT PACKING pc=0x000001bba87d4150 sp=0x0000002c237fc8c0
Event: 0.217 Thread 0x000001bba45a1800 DEOPT UNPACKING pc=0x000001bba824a95e sp=0x0000002c237fbd48 mode 0
Event: 0.217 Thread 0x000001bba45a1800 DEOPT PACKING pc=0x000001bba87d4150 sp=0x0000002c237fc8c0
Event: 0.217 Thread 0x000001bba45a1800 DEOPT UNPACKING pc=0x000001bba824a95e sp=0x0000002c237fbd48 mode 0
Event: 0.217 Thread 0x000001bba45a1800 DEOPT PACKING pc=0x000001bba87d4150 sp=0x0000002c237fc8c0
Event: 0.217 Thread 0x000001bba45a1800 DEOPT UNPACKING pc=0x000001bba824a95e sp=0x0000002c237fbd48 mode 0
Event: 0.218 Thread 0x000001bba45a1800 DEOPT PACKING pc=0x000001bba87d4150 sp=0x0000002c237fc8c0
Event: 0.218 Thread 0x000001bba45a1800 DEOPT UNPACKING pc=0x000001bba824a95e sp=0x0000002c237fbd48 mode 0
Event: 0.218 Thread 0x000001bba45a1800 DEOPT PACKING pc=0x000001bba87d4150 sp=0x0000002c237fc8c0
Event: 0.218 Thread 0x000001bba45a1800 DEOPT UNPACKING pc=0x000001bba824a95e sp=0x0000002c237fbd48 mode 0

Classes redefined (0 events):
No events

Internal exceptions (0 events):
No events

Events (20 events):
Event: 0.135 loading class java/security/BasicPermissionCollection done
Event: 0.135 loading class java/security/AllPermission
Event: 0.136 loading class java/security/AllPermission done
Event: 0.136 loading class java/security/UnresolvedPermission
Event: 0.136 loading class java/security/UnresolvedPermission done
Event: 0.136 loading class java/security/SecureClassLoader$DebugHolder
Event: 0.136 loading class java/security/SecureClassLoader$DebugHolder done
Event: 0.136 loading class sun/security/util/Debug
Event: 0.136 loading class sun/security/util/Debug done
Event: 0.136 loading class externalApp/ExternalApp
Event: 0.136 loading class externalApp/ExternalApp done
Event: 0.137 loading class java/lang/PublicMethods$MethodList
Event: 0.137 loading class java/lang/PublicMethods$MethodList done
Event: 0.137 loading class java/lang/PublicMethods$Key
Event: 0.138 loading class java/lang/PublicMethods$Key done
Event: 0.138 loading class externalApp/ExternalAppUtil
Event: 0.138 loading class externalApp/ExternalAppUtil done
Event: 0.138 loading class org/apache/xmlrpc/XmlRpcException
Event: 0.138 loading class org/apache/xmlrpc/XmlRpcException done
Event: 0.162 Thread 0x000001bbbf64a000 Thread added: 0x000001bbbf64a000


Dynamic libraries:
0x00007ff78bd00000 - 0x00007ff78bd0a000 	C:\Program Files\JetBrains\IntelliJ IDEA 2022.1.1\jbr\bin\java.exe
0x00007ffe922c0000 - 0x00007ffe924c9000 	C:\Windows\SYSTEM32\ntdll.dll
0x00007ffe90320000 - 0x00007ffe903dd000 	C:\Windows\System32\KERNEL32.DLL
0x00007ffe8fdd0000 - 0x00007ffe90149000 	C:\Windows\System32\KERNELBASE.dll
0x00007ffe8fb50000 - 0x00007ffe8fc61000 	C:\Windows\System32\ucrtbase.dll
0x00007ffe89c30000 - 0x00007ffe89c49000 	C:\Program Files\JetBrains\IntelliJ IDEA 2022.1.1\jbr\bin\jli.dll
0x00007ffe903e0000 - 0x00007ffe9058c000 	C:\Windows\System32\USER32.dll
0x00007ffe7efc0000 - 0x00007ffe7f265000 	C:\Windows\WinSxS\amd64_microsoft.windows.common-controls_6595b64144ccf1df_6.0.22000.120_none_9d947278b86cc467\COMCTL32.dll
0x00007ffe8f8c0000 - 0x00007ffe8f8e6000 	C:\Windows\System32\win32u.dll
0x00007ffe90150000 - 0x00007ffe901f3000 	C:\Windows\System32\msvcrt.dll
0x00007ffe91be0000 - 0x00007ffe91c09000 	C:\Windows\System32\GDI32.dll
0x00007ffe8f7a0000 - 0x00007ffe8f8b2000 	C:\Windows\System32\gdi32full.dll
0x00007ffe8fc70000 - 0x00007ffe8fd0d000 	C:\Windows\System32\msvcp_win.dll
0x00007ffe6dc30000 - 0x00007ffe6dc46000 	C:\Program Files\JetBrains\IntelliJ IDEA 2022.1.1\jbr\bin\VCRUNTIME140.dll
0x00007ffe917d0000 - 0x00007ffe91801000 	C:\Windows\System32\IMM32.DLL
0x00007ffe5ffe0000 - 0x00007ffe6008a000 	C:\Program Files\JetBrains\IntelliJ IDEA 2022.1.1\jbr\bin\msvcp140.dll
0x00007ffe330a0000 - 0x00007ffe33c1a000 	C:\Program Files\JetBrains\IntelliJ IDEA 2022.1.1\jbr\bin\server\jvm.dll
0x00007ffe90200000 - 0x00007ffe902ae000 	C:\Windows\System32\ADVAPI32.dll
0x00007ffe91830000 - 0x00007ffe918ce000 	C:\Windows\System32\sechost.dll
0x00007ffe91d20000 - 0x00007ffe91e40000 	C:\Windows\System32\RPCRT4.dll
0x00007ffe91820000 - 0x00007ffe91828000 	C:\Windows\System32\PSAPI.DLL
0x00007ffe879f0000 - 0x00007ffe879f9000 	C:\Windows\SYSTEM32\WSOCK32.dll
0x00007ffe83bc0000 - 0x00007ffe83bf3000 	C:\Windows\SYSTEM32\WINMM.dll
0x00007ffe879b0000 - 0x00007ffe879ba000 	C:\Windows\SYSTEM32\VERSION.dll
0x00007ffe92120000 - 0x00007ffe9218f000 	C:\Windows\System32\WS2_32.dll
0x00007ffe8e8a0000 - 0x00007ffe8e8b8000 	C:\Windows\SYSTEM32\kernel.appcore.dll
0x00007ffe8a860000 - 0x00007ffe8a871000 	C:\Program Files\JetBrains\IntelliJ IDEA 2022.1.1\jbr\bin\verify.dll
0x00007ffe7f450000 - 0x00007ffe7f671000 	C:\Windows\SYSTEM32\DBGHELP.DLL
0x00007ffe7f410000 - 0x00007ffe7f441000 	C:\Windows\SYSTEM32\dbgcore.DLL
0x00007ffe8fa60000 - 0x00007ffe8fadf000 	C:\Windows\System32\bcryptPrimitives.dll
0x00007ffe82cc0000 - 0x00007ffe82ce9000 	C:\Program Files\JetBrains\IntelliJ IDEA 2022.1.1\jbr\bin\java.dll
0x00007ffe8bc90000 - 0x00007ffe8bc9b000 	C:\Program Files\JetBrains\IntelliJ IDEA 2022.1.1\jbr\bin\jimage.dll
0x00007ffe87280000 - 0x00007ffe87299000 	C:\Program Files\JetBrains\IntelliJ IDEA 2022.1.1\jbr\bin\zip.dll
0x00007ffe91010000 - 0x00007ffe917c8000 	C:\Windows\System32\SHELL32.dll
0x00007ffe8d910000 - 0x00007ffe8e177000 	C:\Windows\SYSTEM32\windows.storage.dll
0x00007ffe90590000 - 0x00007ffe90909000 	C:\Windows\System32\combase.dll
0x00007ffe8d7a0000 - 0x00007ffe8d906000 	C:\Windows\SYSTEM32\wintypes.dll
0x00007ffe91c30000 - 0x00007ffe91d1a000 	C:\Windows\System32\SHCORE.dll
0x00007ffe919f0000 - 0x00007ffe91a4d000 	C:\Windows\System32\shlwapi.dll
0x00007ffe8f6d0000 - 0x00007ffe8f6f1000 	C:\Windows\SYSTEM32\profapi.dll
0x00007ffe84f30000 - 0x00007ffe84f4a000 	C:\Program Files\JetBrains\IntelliJ IDEA 2022.1.1\jbr\bin\net.dll
0x00007ffe88ff0000 - 0x00007ffe890fc000 	C:\Windows\SYSTEM32\WINHTTP.dll
0x00007ffe8ecd0000 - 0x00007ffe8ed37000 	C:\Windows\system32\mswsock.dll
0x00007ffe84d60000 - 0x00007ffe84d74000 	C:\Program Files\JetBrains\IntelliJ IDEA 2022.1.1\jbr\bin\nio.dll

dbghelp: loaded successfully - version: 4.0.5 - missing functions: none
symbol engine: initialized successfully - sym options: 0x614 - pdb path: .;C:\Program Files\JetBrains\IntelliJ IDEA 2022.1.1\jbr\bin;C:\Windows\SYSTEM32;C:\Windows\WinSxS\amd64_microsoft.windows.common-controls_6595b64144ccf1df_6.0.22000.120_none_9d947278b86cc467;C:\Program Files\JetBrains\IntelliJ IDEA 2022.1.1\jbr\bin\server

VM Arguments:
java_command: git4idea.http.GitAskPassApp Username for 'https://github.com': 
java_class_path (initial): C:/Program Files/JetBrains/IntelliJ IDEA 2022.1.1/plugins/git4idea/lib/git4idea-rt.jar;C:/Program Files/JetBrains/IntelliJ IDEA 2022.1.1/lib/externalProcess-rt.jar;C:/Program Files/JetBrains/IntelliJ IDEA 2022.1.1/lib/app.jar;C:/Program Files/JetBrains/IntelliJ IDEA 2022.1.1/lib/3rd-party-rt.jar
Launcher Type: SUN_STANDARD

[Global flags]
     intx CICompilerCount                          = 4                                         {product} {ergonomic}
     uint ConcGCThreads                            = 2                                         {product} {ergonomic}
     uint G1ConcRefinementThreads                  = 8                                         {product} {ergonomic}
   size_t G1HeapRegionSize                         = 1048576                                   {product} {ergonomic}
    uintx GCDrainStackTargetSize                   = 64                                        {product} {ergonomic}
   size_t InitialHeapSize                          = 134217728                                 {product} {ergonomic}
   size_t MarkStackSize                            = 4194304                                   {product} {ergonomic}
   size_t MaxHeapSize                              = 2134900736                                {product} {ergonomic}
   size_t MaxNewSize                               = 1280311296                                {product} {ergonomic}
   size_t MinHeapDeltaBytes                        = 1048576                                   {product} {ergonomic}
    uintx NonNMethodCodeHeapSize                   = 5836300                                {pd product} {ergonomic}
    uintx NonProfiledCodeHeapSize                  = 122910970                              {pd product} {ergonomic}
    uintx ProfiledCodeHeapSize                     = 122910970                              {pd product} {ergonomic}
    uintx ReservedCodeCacheSize                    = 251658240                              {pd product} {ergonomic}
     bool SegmentedCodeCache                       = true                                      {product} {ergonomic}
     bool UseCompressedClassPointers               = true                                 {lp64_product} {ergonomic}
     bool UseCompressedOops                        = true                                 {lp64_product} {ergonomic}
     bool UseG1GC                                  = true                                      {product} {ergonomic}
     bool UseLargePagesIndividualAllocation        = false                                  {pd product} {ergonomic}

Logging:
Log output configuration:
 #0: stdout all=warning uptime,level,tags
 #1: stderr all=off uptime,level,tags

Environment Variables:
JAVA_HOME=C:\Program Files\Java\jdk1.8.0_301
PATH=C:\Program Files\Git\mingw64\libexec\git-core;C:\Program Files\Git\mingw64\libexec\git-core;C:\Program Files\Git\mingw64\bin;C:\Program Files\Git\usr\bin;C:\Users\minipushka\bin;C:\Program Files (x86)\Common Files\Oracle\Java\javapath;C:\Windows\system32;C:\Windows;C:\Windows\System32\Wbem;C:\Windows\System32\WindowsPowerShell\v1.0;C:\Windows\System32\OpenSSH;C:\Program Files\Git\cmd;C:\Program Files\Java\jdk1.8.0_301\bin;C:\Program Files (x86)\Common Files\Acronis\SnapAPI;C:\Program Files (x86)\NVIDIA Corporation\PhysX\Common;C:\Users\minipushka\AppData\Local\Microsoft\WindowsApps;C:\Program Files\JetBrains\IntelliJ IDEA 2022.1.1\bin;C:\Program Files\JetBrains\WebStorm 2022.1.2\bin
USERNAME=minipushka
DISPLAY=:0.0
LC_ALL=en_US.UTF-8
OS=Windows_NT
PROCESSOR_IDENTIFIER=Intel64 Family 6 Model 58 Stepping 9, GenuineIntel



---------------  S Y S T E M  ---------------

OS: Windows 11 , 64 bit Build 22000 (10.0.22000.708)
OS uptime: 0 days 7:33 hours

CPU:total 8 (initial active 8) (4 cores per cpu, 2 threads per core) family 6 model 58 stepping 9 microcode 0x21, cmov, cx8, fxsr, mmx, sse, sse2, sse3, ssse3, sse4.1, sse4.2, popcnt, avx, aes, clmul, erms, ht, tsc, tscinvbit, tscinv

Memory: 4k page, system-wide physical 8141M (551M free)
TotalPageFile size 8141M (AvailPageFile size 5M)
current process WorkingSet (physical memory assigned to process): 53M, peak: 53M
current process commit charge ("private bytes"): 206M, peak: 207M

vm_info: OpenJDK 64-Bit Server VM (11.0.14.1+1-b2043.45) for windows-amd64 JRE (11.0.14.1+1-b2043.45), built on Apr 25 2022 05:49:45 by "" with MS VC++ 14.0 (VS2015)

END.
